[0m2021.07.10 19:59:23 INFO  Started: Metals version 0.10.4 in workspace '/home/dilshan/Desktop/Assignments/scala/recurisive_activity/qu2' for client Visual Studio Code 1.58.0.[0m
[0m2021.07.10 19:59:26 INFO  time: initialize in 3.72s[0m
[0m2021.07.10 19:59:27 WARN  Build server is not auto-connectable.[0m
[0m2021.07.10 19:59:27 WARN  no build tool detected in workspace '/home/dilshan/Desktop/Assignments/scala/recurisive_activity/qu2'. The most common cause for this problem is that the editor was opened in the wrong working directory, for example if you use sbt then the workspace directory should contain build.sbt. [0m
[0m2021.07.10 19:59:27 WARN  no build target for: /home/dilshan/Desktop/Assignments/scala/recurisive_activity/qu2/q2.scala[0m
[0m2021.07.10 19:59:31 INFO  no build target: using presentation compiler with only scala-library: 2.12.14[0m
Jul 10, 2021 7:59:31 PM org.eclipse.lsp4j.jsonrpc.RemoteEndpoint handleCancellation
WARNING: Unmatched cancel notification for request id 10
Jul 10, 2021 7:59:31 PM org.eclipse.lsp4j.jsonrpc.RemoteEndpoint handleCancellation
WARNING: Unmatched cancel notification for request id 12
Jul 10, 2021 7:59:31 PM org.eclipse.lsp4j.jsonrpc.RemoteEndpoint handleCancellation
WARNING: Unmatched cancel notification for request id 13
Jul 10, 2021 7:59:31 PM org.eclipse.lsp4j.jsonrpc.RemoteEndpoint handleCancellation
WARNING: Unmatched cancel notification for request id 15
Jul 10, 2021 7:59:31 PM org.eclipse.lsp4j.jsonrpc.RemoteEndpoint handleCancellation
WARNING: Unmatched cancel notification for request id 17
[0m2021.07.10 19:59:33 INFO  time: code lens generation in 1.19s[0m
[0m2021.07.10 19:59:33 INFO  time: code lens generation in 1.97s[0m
[0m2021.07.10 19:59:33 INFO  time: code lens generation in 1.98s[0m
[0m2021.07.10 19:59:33 INFO  time: code lens generation in 2.01s[0m
[0m2021.07.10 19:59:33 INFO  time: code lens generation in 2.03s[0m
[0m2021.07.10 19:59:33 INFO  time: code lens generation in 2.07s[0m
[0m2021.07.10 19:59:33 INFO  time: code lens generation in 2.08s[0m
[0m2021.07.10 19:59:33 INFO  time: code lens generation in 5.72s[0m
[0m2021.07.10 19:59:33 WARN  no build target for: /home/dilshan/Desktop/Assignments/scala/recurisive_activity/qu2/q2.scala[0m
[0m2021.07.10 20:07:21 WARN  no build target for: /home/dilshan/Desktop/Assignments/scala/recurisive_activity/qu2/q2.scala[0m
[0m2021.07.10 20:08:47 WARN  no build target for: /home/dilshan/Desktop/Assignments/scala/recurisive_activity/qu2/q2.scala[0m
[0m2021.07.10 20:10:14 WARN  no build target for: /home/dilshan/Desktop/Assignments/scala/recurisive_activity/qu2/q2.scala[0m
[0m2021.07.10 20:10:58 WARN  no build target for: /home/dilshan/Desktop/Assignments/scala/recurisive_activity/qu2/q2.scala[0m
[0m2021.07.10 20:12:41 WARN  no build target for: /home/dilshan/Desktop/Assignments/scala/recurisive_activity/qu2/q2.scala[0m
[0m2021.07.10 20:13:26 WARN  no build target for: /home/dilshan/Desktop/Assignments/scala/recurisive_activity/qu2/q2.scala[0m
[0m2021.07.10 20:13:57 WARN  no build target for: /home/dilshan/Desktop/Assignments/scala/recurisive_activity/qu2/q2.scala[0m
[0m2021.07.10 20:14:11 WARN  no build target for: /home/dilshan/Desktop/Assignments/scala/recurisive_activity/qu2/q2.scala[0m
[0m2021.07.10 20:14:18 WARN  no build target for: /home/dilshan/Desktop/Assignments/scala/recurisive_activity/qu2/q2.scala[0m
[0m2021.07.10 20:15:26 WARN  no build target for: /home/dilshan/Desktop/Assignments/scala/recurisive_activity/qu2/q2.scala[0m
[0m2021.07.10 20:15:37 WARN  no build target for: /home/dilshan/Desktop/Assignments/scala/recurisive_activity/qu2/q2.scala[0m
[0m2021.07.10 20:16:14 INFO  shutting down Metals[0m
