[0m2021.07.10 20:40:10 INFO  Started: Metals version 0.10.4 in workspace '/home/dilshan/Desktop/Assignments/scala/recurisive_activity/qu1' for client Visual Studio Code 1.58.0.[0m
[0m2021.07.10 20:40:14 INFO  time: initialize in 3.76s[0m
[0m2021.07.10 20:40:14 WARN  Build server is not auto-connectable.[0m
[0m2021.07.10 20:40:14 WARN  no build tool detected in workspace '/home/dilshan/Desktop/Assignments/scala/recurisive_activity/qu1'. The most common cause for this problem is that the editor was opened in the wrong working directory, for example if you use sbt then the workspace directory should contain build.sbt. [0m
[0m2021.07.10 20:40:14 WARN  no build target for: /home/dilshan/Desktop/Assignments/scala/recurisive_activity/qu1/qu1.scala[0m
[0m2021.07.10 20:40:18 INFO  no build target: using presentation compiler with only scala-library: 2.12.14[0m
[0m2021.07.10 20:40:20 INFO  time: code lens generation in 5.39s[0m
Jul 10, 2021 8:43:56 PM org.eclipse.lsp4j.jsonrpc.RemoteEndpoint handleCancellation
WARNING: Unmatched cancel notification for request id 301
Jul 10, 2021 8:45:00 PM scala.meta.internal.pc.CompilerAccess handleError
SEVERE: illegal cyclic inheritance involving class BigInt
scala.reflect.internal.Types$TypeError: illegal cyclic inheritance involving class BigInt

[0m2021.07.10 20:45:29 WARN  no build target for: /home/dilshan/Desktop/Assignments/scala/recurisive_activity/qu1/qu1.scala[0m
[0m2021.07.10 20:45:52 WARN  no build target for: /home/dilshan/Desktop/Assignments/scala/recurisive_activity/qu1/qu1.scala[0m
[0m2021.07.10 20:46:54 WARN  no build target for: /home/dilshan/Desktop/Assignments/scala/recurisive_activity/qu1/qu1.scala[0m
[0m2021.07.10 20:47:38 WARN  no build target for: /home/dilshan/Desktop/Assignments/scala/recurisive_activity/qu1/qu1.scala[0m
[0m2021.07.10 20:47:42 WARN  no build target for: /home/dilshan/Desktop/Assignments/scala/recurisive_activity/qu1/qu1.scala[0m
[0m2021.07.10 20:49:58 WARN  no build target for: /home/dilshan/Desktop/Assignments/scala/recurisive_activity/qu1/qu1.scala[0m
[0m2021.07.10 20:50:27 WARN  no build target for: /home/dilshan/Desktop/Assignments/scala/recurisive_activity/qu1/qu1.scala[0m
[0m2021.07.10 20:50:48 WARN  no build target for: /home/dilshan/Desktop/Assignments/scala/recurisive_activity/qu1/qu1.scala[0m
[0m2021.07.10 20:51:07 WARN  no build target for: /home/dilshan/Desktop/Assignments/scala/recurisive_activity/qu1/qu1.scala[0m
[0m2021.07.10 20:51:16 WARN  no build target for: /home/dilshan/Desktop/Assignments/scala/recurisive_activity/qu1/qu1.scala[0m
[0m2021.07.10 20:52:19 WARN  no build target for: /home/dilshan/Desktop/Assignments/scala/recurisive_activity/qu1/qu1.scala[0m
Jul 10, 2021 8:57:11 PM scala.meta.internal.pc.CompletionProvider expected$1
WARNING: null
[0m2021.07.10 20:58:04 WARN  no build target for: /home/dilshan/Desktop/Assignments/scala/recurisive_activity/qu1/qu1.scala[0m
[0m2021.07.10 20:58:15 INFO  shutting down Metals[0m
